[2019-08-23 09:21:43] php.DEBUG: Warning: fsockopen(): unable to connect to 127.0.0.1:8000 (Une tentative de connexion a ï¿½chouï¿½ car le parti connectï¿½ nï¿½a pas rï¿½pondu convenablement au-delï¿½ dï¿½une certaine durï¿½e ou une connexion ï¿½tablie a ï¿½chouï¿½ car lï¿½hï¿½te de connexion nï¿½a pas rï¿½pondu. ) {"exception":"[object] (Symfony\\Component\\Debug\\Exception\\SilencedErrorContext: {\"severity\":2,\"file\":\"C:\\\\wamp64\\\\www\\\\Modele\\\\vendor\\\\symfony\\\\web-server-bundle\\\\WebServerConfig.php\",\"line\":123,\"trace\":[{\"file\":\"C:\\\\wamp64\\\\www\\\\Modele\\\\vendor\\\\symfony\\\\web-server-bundle\\\\WebServerConfig.php\",\"line\":54,\"function\":\"findBestPort\",\"class\":\"Symfony\\\\Bundle\\\\WebServerBundle\\\\WebServerConfig\",\"type\":\"->\"}],\"count\":1})"} []
[2019-08-26 10:02:05] php.DEBUG: Warning: fsockopen(): unable to connect to 127.0.0.1:8000 (Une tentative de connexion a ï¿½chouï¿½ car le parti connectï¿½ nï¿½a pas rï¿½pondu convenablement au-delï¿½ dï¿½une certaine durï¿½e ou une connexion ï¿½tablie a ï¿½chouï¿½ car lï¿½hï¿½te de connexion nï¿½a pas rï¿½pondu. ) {"exception":"[object] (Symfony\\Component\\Debug\\Exception\\SilencedErrorContext: {\"severity\":2,\"file\":\"C:\\\\wamp64(2)\\\\www\\\\Modele\\\\vendor\\\\symfony\\\\web-server-bundle\\\\WebServerConfig.php\",\"line\":123,\"trace\":[{\"file\":\"C:\\\\wamp64(2)\\\\www\\\\Modele\\\\vendor\\\\symfony\\\\web-server-bundle\\\\WebServerConfig.php\",\"line\":54,\"function\":\"findBestPort\",\"class\":\"Symfony\\\\Bundle\\\\WebServerBundle\\\\WebServerConfig\",\"type\":\"->\"}],\"count\":1})"} []
[2019-08-26 10:02:33] request.INFO: Matched route "_wdt". {"route":"_wdt","route_parameters":{"_controller":"web_profiler.controller.profiler:toolbarAction","token":"05b8b2","_route":"_wdt"},"request_uri":"http://127.0.0.1:8000/_wdt/05b8b2","method":"GET"} []
[2019-08-27 09:25:25] php.DEBUG: Warning: fsockopen(): unable to connect to 127.0.0.1:8000 (Une tentative de connexion a échoué car le parti connecté n’a pas répondu convenablement au-delà d’une certaine durée ou une connexion établie a échoué car l’hôte de connexion n’a pas répondu. ) {"exception":"[object] (Symfony\\Component\\Debug\\Exception\\SilencedErrorContext: {\"severity\":2,\"file\":\"C:\\\\wamp64\\\\www\\\\sortir\\\\vendor\\\\symfony\\\\web-server-bundle\\\\WebServerConfig.php\",\"line\":123,\"trace\":[{\"file\":\"C:\\\\wamp64\\\\www\\\\sortir\\\\vendor\\\\symfony\\\\web-server-bundle\\\\WebServerConfig.php\",\"line\":54,\"function\":\"findBestPort\",\"class\":\"Symfony\\\\Bundle\\\\WebServerBundle\\\\WebServerConfig\",\"type\":\"->\"}],\"count\":1})"} []
[2019-08-27 09:35:05] php.DEBUG: Warning: fsockopen(): unable to connect to 127.0.0.1:8000 (Une tentative de connexion a échoué car le parti connecté n’a pas répondu convenablement au-delà d’une certaine durée ou une connexion établie a échoué car l’hôte de connexion n’a pas répondu. ) {"exception":"[object] (Symfony\\Component\\Debug\\Exception\\SilencedErrorContext: {\"severity\":2,\"file\":\"C:\\\\wamp64\\\\www\\\\sortir\\\\vendor\\\\symfony\\\\web-server-bundle\\\\WebServerConfig.php\",\"line\":123,\"trace\":[{\"file\":\"C:\\\\wamp64\\\\www\\\\sortir\\\\vendor\\\\symfony\\\\web-server-bundle\\\\WebServerConfig.php\",\"line\":54,\"function\":\"findBestPort\",\"class\":\"Symfony\\\\Bundle\\\\WebServerBundle\\\\WebServerConfig\",\"type\":\"->\"}],\"count\":1})"} []
[2019-08-27 09:36:27] php.DEBUG: Warning: fsockopen(): unable to connect to 127.0.0.1:8000 (Une tentative de connexion a échoué car le parti connecté n’a pas répondu convenablement au-delà d’une certaine durée ou une connexion établie a échoué car l’hôte de connexion n’a pas répondu. ) {"exception":"[object] (Symfony\\Component\\Debug\\Exception\\SilencedErrorContext: {\"severity\":2,\"file\":\"C:\\\\wamp64\\\\www\\\\sortir\\\\vendor\\\\symfony\\\\web-server-bundle\\\\WebServerConfig.php\",\"line\":123,\"trace\":[{\"file\":\"C:\\\\wamp64\\\\www\\\\sortir\\\\vendor\\\\symfony\\\\web-server-bundle\\\\WebServerConfig.php\",\"line\":54,\"function\":\"findBestPort\",\"class\":\"Symfony\\\\Bundle\\\\WebServerBundle\\\\WebServerConfig\",\"type\":\"->\"}],\"count\":1})"} []
[2019-08-27 10:10:59] console.ERROR: Error thrown while running command "doctrine". Message: "Command "doctrine" is not defined.  Did you mean one of these?     doctrine:cache:clear     doctrine:cache:clear-collection-region     doctrine:cache:clear-entity-region     doctrine:cache:clear-metadata     doctrine:cache:clear-query     doctrine:cache:clear-query-region     doctrine:cache:clear-result     doctrine:cache:contains     doctrine:cache:delete     doctrine:cache:flush     doctrine:cache:stats     doctrine:database:create     doctrine:database:drop     doctrine:database:import     doctrine:ensure-production-settings     doctrine:generate:entities     doctrine:mapping:convert     doctrine:mapping:import     doctrine:mapping:info     doctrine:migrations:diff     doctrine:migrations:dump-schema     doctrine:migrations:execute     doctrine:migrations:generate     doctrine:migrations:latest     doctrine:migrations:migrate     doctrine:migrations:rollup     doctrine:migrations:status     doctrine:migrations:up-to-date     doctrine:migrations:version     doctrine:query:dql     doctrine:query:sql     doctrine:schema:create     doctrine:schema:drop     doctrine:schema:update     doctrine:schema:validate" {"exception":"[object] (Symfony\\Component\\Console\\Exception\\CommandNotFoundException(code: 0): Command \"doctrine\" is not defined.\n\nDid you mean one of these?\n    doctrine:cache:clear\n    doctrine:cache:clear-collection-region\n    doctrine:cache:clear-entity-region\n    doctrine:cache:clear-metadata\n    doctrine:cache:clear-query\n    doctrine:cache:clear-query-region\n    doctrine:cache:clear-result\n    doctrine:cache:contains\n    doctrine:cache:delete\n    doctrine:cache:flush\n    doctrine:cache:stats\n    doctrine:database:create\n    doctrine:database:drop\n    doctrine:database:import\n    doctrine:ensure-production-settings\n    doctrine:generate:entities\n    doctrine:mapping:convert\n    doctrine:mapping:import\n    doctrine:mapping:info\n    doctrine:migrations:diff\n    doctrine:migrations:dump-schema\n    doctrine:migrations:execute\n    doctrine:migrations:generate\n    doctrine:migrations:latest\n    doctrine:migrations:migrate\n    doctrine:migrations:rollup\n    doctrine:migrations:status\n    doctrine:migrations:up-to-date\n    doctrine:migrations:version\n    doctrine:query:dql\n    doctrine:query:sql\n    doctrine:schema:create\n    doctrine:schema:drop\n    doctrine:schema:update\n    doctrine:schema:validate at C:\\wamp64\\www\\sortir\\vendor\\symfony\\console\\Application.php:634)","command":"doctrine","message":"Command \"doctrine\" is not defined.\n\nDid you mean one of these?\n    doctrine:cache:clear\n    doctrine:cache:clear-collection-region\n    doctrine:cache:clear-entity-region\n    doctrine:cache:clear-metadata\n    doctrine:cache:clear-query\n    doctrine:cache:clear-query-region\n    doctrine:cache:clear-result\n    doctrine:cache:contains\n    doctrine:cache:delete\n    doctrine:cache:flush\n    doctrine:cache:stats\n    doctrine:database:create\n    doctrine:database:drop\n    doctrine:database:import\n    doctrine:ensure-production-settings\n    doctrine:generate:entities\n    doctrine:mapping:convert\n    doctrine:mapping:import\n    doctrine:mapping:info\n    doctrine:migrations:diff\n    doctrine:migrations:dump-schema\n    doctrine:migrations:execute\n    doctrine:migrations:generate\n    doctrine:migrations:latest\n    doctrine:migrations:migrate\n    doctrine:migrations:rollup\n    doctrine:migrations:status\n    doctrine:migrations:up-to-date\n    doctrine:migrations:version\n    doctrine:query:dql\n    doctrine:query:sql\n    doctrine:schema:create\n    doctrine:schema:drop\n    doctrine:schema:update\n    doctrine:schema:validate"} []
[2019-08-27 10:11:19] console.ERROR: Error thrown while running command "doctrine:database:create sa "Pa$$w0rd"". Message: "Too many arguments, expected arguments "command"." {"exception":"[object] (Symfony\\Component\\Console\\Exception\\RuntimeException(code: 0): Too many arguments, expected arguments \"command\". at C:\\wamp64\\www\\sortir\\vendor\\symfony\\console\\Input\\ArgvInput.php:188)","command":"doctrine:database:create sa \"Pa$$w0rd\"","message":"Too many arguments, expected arguments \"command\"."} []
[2019-08-27 10:11:19] console.DEBUG: Command "doctrine:database:create sa "Pa$$w0rd"" exited with code "1" {"command":"doctrine:database:create sa \"Pa$$w0rd\"","code":1} []
[2019-08-27 10:12:38] console.ERROR: Error thrown while running command "doctrine:database:create test". Message: "Too many arguments, expected arguments "command"." {"exception":"[object] (Symfony\\Component\\Console\\Exception\\RuntimeException(code: 0): Too many arguments, expected arguments \"command\". at C:\\wamp64\\www\\sortir\\vendor\\symfony\\console\\Input\\ArgvInput.php:188)","command":"doctrine:database:create test","message":"Too many arguments, expected arguments \"command\"."} []
[2019-08-27 10:12:38] console.DEBUG: Command "doctrine:database:create test" exited with code "1" {"command":"doctrine:database:create test","code":1} []
[2019-08-27 10:12:42] console.ERROR: Error thrown while running command "doctrine:database:create". Message: "An exception occurred in driver: SQLSTATE[HY000] [1045] AccÃ¨s refusÃ© pour l'utilisateur: 'sa'@'@localhost' (mot de passe: OUI)" {"exception":"[object] (Doctrine\\DBAL\\Exception\\ConnectionException(code: 0): An exception occurred in driver: SQLSTATE[HY000] [1045] AccÃ¨s refusÃ© pour l'utilisateur: 'sa'@'@localhost' (mot de passe: OUI) at C:\\wamp64\\www\\sortir\\vendor\\doctrine\\dbal\\lib\\Doctrine\\DBAL\\Driver\\AbstractMySQLDriver.php:93, Doctrine\\DBAL\\Driver\\PDOException(code: 1045): SQLSTATE[HY000] [1045] AccÃ¨s refusÃ© pour l'utilisateur: 'sa'@'@localhost' (mot de passe: OUI) at C:\\wamp64\\www\\sortir\\vendor\\doctrine\\dbal\\lib\\Doctrine\\DBAL\\Driver\\PDOConnection.php:31, PDOException(code: 1045): SQLSTATE[HY000] [1045] AccÃ¨s refusÃ© pour l'utilisateur: 'sa'@'@localhost' (mot de passe: OUI) at C:\\wamp64\\www\\sortir\\vendor\\doctrine\\dbal\\lib\\Doctrine\\DBAL\\Driver\\PDOConnection.php:27)","command":"doctrine:database:create","message":"An exception occurred in driver: SQLSTATE[HY000] [1045] AccÃ¨s refusÃ© pour l'utilisateur: 'sa'@'@localhost' (mot de passe: OUI)"} []
[2019-08-27 10:12:42] console.DEBUG: Command "doctrine:database:create" exited with code "1" {"command":"doctrine:database:create","code":1} []
[2019-08-27 10:16:01] console.ERROR: Error thrown while running command "doctrine:database:create". Message: "Call to undefined function sqlsrv_configure()" {"exception":"[object] (Error(code: 0): Call to undefined function sqlsrv_configure() at C:\\wamp64\\www\\sortir\\vendor\\doctrine\\dbal\\lib\\Doctrine\\DBAL\\Driver\\SQLSrv\\SQLSrvConnection.php:43)","command":"doctrine:database:create","message":"Call to undefined function sqlsrv_configure()"} []
[2019-08-27 10:16:01] console.DEBUG: Command "doctrine:database:create" exited with code "1" {"command":"doctrine:database:create","code":1} []
[2019-08-27 10:16:01] php.CRITICAL: Call to undefined function sqlsrv_configure() {"exception":"[object] (Symfony\\Component\\Debug\\Exception\\FatalThrowableError(code: 0): Call to undefined function sqlsrv_configure() at C:\\wamp64\\www\\sortir\\vendor\\doctrine\\dbal\\lib\\Doctrine\\DBAL\\Driver\\SQLSrv\\SQLSrvConnection.php:43)"} []
[2019-08-27 11:04:19] console.ERROR: Error thrown while running command "doctrine:database:create". Message: "Call to undefined function sqlsrv_configure()" {"exception":"[object] (Error(code: 0): Call to undefined function sqlsrv_configure() at C:\\wamp64\\www\\sortir\\vendor\\doctrine\\dbal\\lib\\Doctrine\\DBAL\\Driver\\SQLSrv\\SQLSrvConnection.php:43)","command":"doctrine:database:create","message":"Call to undefined function sqlsrv_configure()"} []
[2019-08-27 11:04:19] console.DEBUG: Command "doctrine:database:create" exited with code "1" {"command":"doctrine:database:create","code":1} []
[2019-08-27 11:04:19] php.CRITICAL: Call to undefined function sqlsrv_configure() {"exception":"[object] (Symfony\\Component\\Debug\\Exception\\FatalThrowableError(code: 0): Call to undefined function sqlsrv_configure() at C:\\wamp64\\www\\sortir\\vendor\\doctrine\\dbal\\lib\\Doctrine\\DBAL\\Driver\\SQLSrv\\SQLSrvConnection.php:43)"} []
[2019-08-27 11:04:35] console.ERROR: Error thrown while running command "doctrine:database:create". Message: "Call to undefined function sqlsrv_configure()" {"exception":"[object] (Error(code: 0): Call to undefined function sqlsrv_configure() at C:\\wamp64\\www\\sortir\\vendor\\doctrine\\dbal\\lib\\Doctrine\\DBAL\\Driver\\SQLSrv\\SQLSrvConnection.php:43)","command":"doctrine:database:create","message":"Call to undefined function sqlsrv_configure()"} []
[2019-08-27 11:04:35] console.DEBUG: Command "doctrine:database:create" exited with code "1" {"command":"doctrine:database:create","code":1} []
[2019-08-27 11:04:35] php.CRITICAL: Call to undefined function sqlsrv_configure() {"exception":"[object] (Symfony\\Component\\Debug\\Exception\\FatalThrowableError(code: 0): Call to undefined function sqlsrv_configure() at C:\\wamp64\\www\\sortir\\vendor\\doctrine\\dbal\\lib\\Doctrine\\DBAL\\Driver\\SQLSrv\\SQLSrvConnection.php:43)"} []
[2019-08-27 11:06:47] console.ERROR: Error thrown while running command "doctrine:database:create". Message: "Call to undefined function sqlsrv_configure()" {"exception":"[object] (Error(code: 0): Call to undefined function sqlsrv_configure() at C:\\wamp64\\www\\sortir\\vendor\\doctrine\\dbal\\lib\\Doctrine\\DBAL\\Driver\\SQLSrv\\SQLSrvConnection.php:43)","command":"doctrine:database:create","message":"Call to undefined function sqlsrv_configure()"} []
[2019-08-27 11:06:47] console.DEBUG: Command "doctrine:database:create" exited with code "1" {"command":"doctrine:database:create","code":1} []
[2019-08-27 11:06:47] php.CRITICAL: Call to undefined function sqlsrv_configure() {"exception":"[object] (Symfony\\Component\\Debug\\Exception\\FatalThrowableError(code: 0): Call to undefined function sqlsrv_configure() at C:\\wamp64\\www\\sortir\\vendor\\doctrine\\dbal\\lib\\Doctrine\\DBAL\\Driver\\SQLSrv\\SQLSrvConnection.php:43)"} []
[2019-08-27 11:10:52] php.DEBUG: Warning: fsockopen(): unable to connect to 127.0.0.1:8000 (Une tentative de connexion a échoué car le parti connecté n’a pas répondu convenablement au-delà d’une certaine durée ou une connexion établie a échoué car l’hôte de connexion n’a pas répondu. ) {"exception":"[object] (Symfony\\Component\\Debug\\Exception\\SilencedErrorContext: {\"severity\":2,\"file\":\"C:\\\\wamp64\\\\www\\\\sortir\\\\vendor\\\\symfony\\\\web-server-bundle\\\\WebServerConfig.php\",\"line\":123,\"trace\":[{\"file\":\"C:\\\\wamp64\\\\www\\\\sortir\\\\vendor\\\\symfony\\\\web-server-bundle\\\\WebServerConfig.php\",\"line\":54,\"function\":\"findBestPort\",\"class\":\"Symfony\\\\Bundle\\\\WebServerBundle\\\\WebServerConfig\",\"type\":\"->\"}],\"count\":1})"} []
[2019-08-27 11:11:01] request.INFO: Matched route "_wdt". {"route":"_wdt","route_parameters":{"_controller":"web_profiler.controller.profiler:toolbarAction","token":"3a4273","_route":"_wdt"},"request_uri":"http://127.0.0.1:8000/_wdt/3a4273","method":"GET"} []
[2019-08-27 11:11:03] request.ERROR: Uncaught PHP Exception Symfony\Component\HttpKernel\Exception\NotFoundHttpException: "No route found for "GET /favicon.ico"" at C:\wamp64\www\sortir\vendor\symfony\http-kernel\EventListener\RouterListener.php line 139 {"exception":"[object] (Symfony\\Component\\HttpKernel\\Exception\\NotFoundHttpException(code: 0): No route found for \"GET /favicon.ico\" at C:\\wamp64\\www\\sortir\\vendor\\symfony\\http-kernel\\EventListener\\RouterListener.php:139, Symfony\\Component\\Routing\\Exception\\ResourceNotFoundException(code: 0):  at C:\\wamp64\\www\\sortir\\var\\cache\\dev\\srcDevDebugProjectContainerUrlMatcher.php:119)"} []
[2019-08-27 11:11:26] request.INFO: Matched route "_profiler". {"route":"_profiler","route_parameters":{"_controller":"web_profiler.controller.profiler:panelAction","token":"3a4273","_route":"_profiler"},"request_uri":"http://127.0.0.1:8000/_profiler/3a4273?panel=cache","method":"GET"} []
[2019-08-27 11:11:26] request.INFO: Matched route "_profiler_search_bar". {"route":"_profiler_search_bar","route_parameters":{"_controller":"web_profiler.controller.profiler:searchBarAction","_route":"_profiler_search_bar"},"request_uri":"http://127.0.0.1:8000/_profiler/search_bar?panel=cache","method":"GET"} []
[2019-08-27 11:11:29] request.INFO: Matched route "_profiler". {"route":"_profiler","route_parameters":{"_controller":"web_profiler.controller.profiler:panelAction","token":"3a4273","_route":"_profiler"},"request_uri":"http://127.0.0.1:8000/_profiler/3a4273?panel=config","method":"GET"} []
[2019-08-27 11:11:29] request.INFO: Matched route "_profiler_search_bar". {"route":"_profiler_search_bar","route_parameters":{"_controller":"web_profiler.controller.profiler:searchBarAction","_route":"_profiler_search_bar"},"request_uri":"http://127.0.0.1:8000/_profiler/search_bar?panel=config","method":"GET"} []
[2019-08-27 11:11:38] request.INFO: Matched route "_profiler_phpinfo". {"route":"_profiler_phpinfo","route_parameters":{"_controller":"web_profiler.controller.profiler:phpinfoAction","_route":"_profiler_phpinfo"},"request_uri":"http://127.0.0.1:8000/_profiler/phpinfo","method":"GET"} []
[2019-08-27 11:12:39] console.ERROR: Error thrown while running command "doctrine:database:create". Message: "Call to undefined function sqlsrv_configure()" {"exception":"[object] (Error(code: 0): Call to undefined function sqlsrv_configure() at C:\\wamp64\\www\\sortir\\vendor\\doctrine\\dbal\\lib\\Doctrine\\DBAL\\Driver\\SQLSrv\\SQLSrvConnection.php:43)","command":"doctrine:database:create","message":"Call to undefined function sqlsrv_configure()"} []
[2019-08-27 11:12:39] console.DEBUG: Command "doctrine:database:create" exited with code "1" {"command":"doctrine:database:create","code":1} []
[2019-08-27 11:12:39] php.CRITICAL: Call to undefined function sqlsrv_configure() {"exception":"[object] (Symfony\\Component\\Debug\\Exception\\FatalThrowableError(code: 0): Call to undefined function sqlsrv_configure() at C:\\wamp64\\www\\sortir\\vendor\\doctrine\\dbal\\lib\\Doctrine\\DBAL\\Driver\\SQLSrv\\SQLSrvConnection.php:43)"} []
[2019-08-27 11:14:58] console.ERROR: Error thrown while running command "doctrine:database:create". Message: "could not find driver" {"exception":"[object] (Doctrine\\DBAL\\Driver\\PDOException(code: 0): could not find driver at C:\\wamp64\\www\\sortir\\vendor\\doctrine\\dbal\\lib\\Doctrine\\DBAL\\Driver\\PDOConnection.php:31, PDOException(code: 0): could not find driver at C:\\wamp64\\www\\sortir\\vendor\\doctrine\\dbal\\lib\\Doctrine\\DBAL\\Driver\\PDOConnection.php:27)","command":"doctrine:database:create","message":"could not find driver"} []
[2019-08-27 11:14:58] console.DEBUG: Command "doctrine:database:create" exited with code "1" {"command":"doctrine:database:create","code":1} []
[2019-08-27 11:19:39] console.ERROR: Error thrown while running command "doctrine:database:create". Message: "could not find driver" {"exception":"[object] (Doctrine\\DBAL\\Driver\\PDOException(code: 0): could not find driver at C:\\wamp64\\www\\sortir\\vendor\\doctrine\\dbal\\lib\\Doctrine\\DBAL\\Driver\\PDOConnection.php:31, PDOException(code: 0): could not find driver at C:\\wamp64\\www\\sortir\\vendor\\doctrine\\dbal\\lib\\Doctrine\\DBAL\\Driver\\PDOConnection.php:27)","command":"doctrine:database:create","message":"could not find driver"} []
[2019-08-27 11:19:39] console.DEBUG: Command "doctrine:database:create" exited with code "1" {"command":"doctrine:database:create","code":1} []
[2019-08-27 11:19:57] console.ERROR: Error thrown while running command "doctrine:database:create". Message: "Call to undefined function sqlsrv_configure()" {"exception":"[object] (Error(code: 0): Call to undefined function sqlsrv_configure() at C:\\wamp64\\www\\sortir\\vendor\\doctrine\\dbal\\lib\\Doctrine\\DBAL\\Driver\\SQLSrv\\SQLSrvConnection.php:43)","command":"doctrine:database:create","message":"Call to undefined function sqlsrv_configure()"} []
[2019-08-27 11:19:57] console.DEBUG: Command "doctrine:database:create" exited with code "1" {"command":"doctrine:database:create","code":1} []
[2019-08-27 11:19:57] php.CRITICAL: Call to undefined function sqlsrv_configure() {"exception":"[object] (Symfony\\Component\\Debug\\Exception\\FatalThrowableError(code: 0): Call to undefined function sqlsrv_configure() at C:\\wamp64\\www\\sortir\\vendor\\doctrine\\dbal\\lib\\Doctrine\\DBAL\\Driver\\SQLSrv\\SQLSrvConnection.php:43)"} []
[2019-08-27 11:20:35] console.ERROR: Error thrown while running command "doctrine:database:create". Message: "Call to undefined function sqlsrv_configure()" {"exception":"[object] (Error(code: 0): Call to undefined function sqlsrv_configure() at C:\\wamp64\\www\\sortir\\vendor\\doctrine\\dbal\\lib\\Doctrine\\DBAL\\Driver\\SQLSrv\\SQLSrvConnection.php:43)","command":"doctrine:database:create","message":"Call to undefined function sqlsrv_configure()"} []
[2019-08-27 11:20:35] console.DEBUG: Command "doctrine:database:create" exited with code "1" {"command":"doctrine:database:create","code":1} []
[2019-08-27 11:20:35] php.CRITICAL: Call to undefined function sqlsrv_configure() {"exception":"[object] (Symfony\\Component\\Debug\\Exception\\FatalThrowableError(code: 0): Call to undefined function sqlsrv_configure() at C:\\wamp64\\www\\sortir\\vendor\\doctrine\\dbal\\lib\\Doctrine\\DBAL\\Driver\\SQLSrv\\SQLSrvConnection.php:43)"} []
[2019-08-27 11:22:06] console.ERROR: Error thrown while running command "doctrine:database:create". Message: "Call to undefined function sqlsrv_configure()" {"exception":"[object] (Error(code: 0): Call to undefined function sqlsrv_configure() at C:\\wamp64\\www\\sortir\\vendor\\doctrine\\dbal\\lib\\Doctrine\\DBAL\\Driver\\SQLSrv\\SQLSrvConnection.php:43)","command":"doctrine:database:create","message":"Call to undefined function sqlsrv_configure()"} []
[2019-08-27 11:22:06] console.DEBUG: Command "doctrine:database:create" exited with code "1" {"command":"doctrine:database:create","code":1} []
[2019-08-27 11:22:06] php.CRITICAL: Call to undefined function sqlsrv_configure() {"exception":"[object] (Symfony\\Component\\Debug\\Exception\\FatalThrowableError(code: 0): Call to undefined function sqlsrv_configure() at C:\\wamp64\\www\\sortir\\vendor\\doctrine\\dbal\\lib\\Doctrine\\DBAL\\Driver\\SQLSrv\\SQLSrvConnection.php:43)"} []
[2019-08-27 11:23:32] console.ERROR: Error thrown while running command "doctrine:database:create". Message: "Call to undefined function sqlsrv_configure()" {"exception":"[object] (Error(code: 0): Call to undefined function sqlsrv_configure() at C:\\wamp64\\www\\sortir\\vendor\\doctrine\\dbal\\lib\\Doctrine\\DBAL\\Driver\\SQLSrv\\SQLSrvConnection.php:43)","command":"doctrine:database:create","message":"Call to undefined function sqlsrv_configure()"} []
[2019-08-27 11:23:32] console.DEBUG: Command "doctrine:database:create" exited with code "1" {"command":"doctrine:database:create","code":1} []
[2019-08-27 11:23:32] php.CRITICAL: Call to undefined function sqlsrv_configure() {"exception":"[object] (Symfony\\Component\\Debug\\Exception\\FatalThrowableError(code: 0): Call to undefined function sqlsrv_configure() at C:\\wamp64\\www\\sortir\\vendor\\doctrine\\dbal\\lib\\Doctrine\\DBAL\\Driver\\SQLSrv\\SQLSrvConnection.php:43)"} []
[2019-08-27 11:29:12] console.ERROR: Error thrown while running command "doctrine:database:create". Message: "Call to undefined function sqlsrv_configure()" {"exception":"[object] (Error(code: 0): Call to undefined function sqlsrv_configure() at C:\\wamp64\\www\\sortir\\vendor\\doctrine\\dbal\\lib\\Doctrine\\DBAL\\Driver\\SQLSrv\\SQLSrvConnection.php:43)","command":"doctrine:database:create","message":"Call to undefined function sqlsrv_configure()"} []
[2019-08-27 11:29:12] console.DEBUG: Command "doctrine:database:create" exited with code "1" {"command":"doctrine:database:create","code":1} []
[2019-08-27 11:29:12] php.CRITICAL: Call to undefined function sqlsrv_configure() {"exception":"[object] (Symfony\\Component\\Debug\\Exception\\FatalThrowableError(code: 0): Call to undefined function sqlsrv_configure() at C:\\wamp64\\www\\sortir\\vendor\\doctrine\\dbal\\lib\\Doctrine\\DBAL\\Driver\\SQLSrv\\SQLSrvConnection.php:43)"} []
[2019-08-27 11:29:45] console.ERROR: Error thrown while running command "doctrine:database:create". Message: "Call to undefined function sqlsrv_configure()" {"exception":"[object] (Error(code: 0): Call to undefined function sqlsrv_configure() at C:\\wamp64\\www\\sortir\\vendor\\doctrine\\dbal\\lib\\Doctrine\\DBAL\\Driver\\SQLSrv\\SQLSrvConnection.php:43)","command":"doctrine:database:create","message":"Call to undefined function sqlsrv_configure()"} []
[2019-08-27 11:29:45] console.DEBUG: Command "doctrine:database:create" exited with code "1" {"command":"doctrine:database:create","code":1} []
[2019-08-27 11:29:45] php.CRITICAL: Call to undefined function sqlsrv_configure() {"exception":"[object] (Symfony\\Component\\Debug\\Exception\\FatalThrowableError(code: 0): Call to undefined function sqlsrv_configure() at C:\\wamp64\\www\\sortir\\vendor\\doctrine\\dbal\\lib\\Doctrine\\DBAL\\Driver\\SQLSrv\\SQLSrvConnection.php:43)"} []
[2019-08-27 11:31:24] console.ERROR: Error thrown while running command "doctrine:database:create". Message: "Call to undefined function sqlsrv_configure()" {"exception":"[object] (Error(code: 0): Call to undefined function sqlsrv_configure() at C:\\wamp64\\www\\sortir\\vendor\\doctrine\\dbal\\lib\\Doctrine\\DBAL\\Driver\\SQLSrv\\SQLSrvConnection.php:43)","command":"doctrine:database:create","message":"Call to undefined function sqlsrv_configure()"} []
[2019-08-27 11:31:24] console.DEBUG: Command "doctrine:database:create" exited with code "1" {"command":"doctrine:database:create","code":1} []
[2019-08-27 11:31:24] php.CRITICAL: Call to undefined function sqlsrv_configure() {"exception":"[object] (Symfony\\Component\\Debug\\Exception\\FatalThrowableError(code: 0): Call to undefined function sqlsrv_configure() at C:\\wamp64\\www\\sortir\\vendor\\doctrine\\dbal\\lib\\Doctrine\\DBAL\\Driver\\SQLSrv\\SQLSrvConnection.php:43)"} []
[2019-08-27 11:32:46] console.ERROR: Error thrown while running command "doctrine:database:create". Message: "Call to undefined function sqlsrv_configure()" {"exception":"[object] (Error(code: 0): Call to undefined function sqlsrv_configure() at C:\\wamp64\\www\\sortir\\vendor\\doctrine\\dbal\\lib\\Doctrine\\DBAL\\Driver\\SQLSrv\\SQLSrvConnection.php:43)","command":"doctrine:database:create","message":"Call to undefined function sqlsrv_configure()"} []
[2019-08-27 11:32:46] console.DEBUG: Command "doctrine:database:create" exited with code "1" {"command":"doctrine:database:create","code":1} []
[2019-08-27 11:32:46] php.CRITICAL: Call to undefined function sqlsrv_configure() {"exception":"[object] (Symfony\\Component\\Debug\\Exception\\FatalThrowableError(code: 0): Call to undefined function sqlsrv_configure() at C:\\wamp64\\www\\sortir\\vendor\\doctrine\\dbal\\lib\\Doctrine\\DBAL\\Driver\\SQLSrv\\SQLSrvConnection.php:43)"} []
[2019-08-27 11:33:17] console.ERROR: Error thrown while running command "doctrine:database:create". Message: "Call to undefined function sqlsrv_configure()" {"exception":"[object] (Error(code: 0): Call to undefined function sqlsrv_configure() at C:\\wamp64\\www\\sortir\\vendor\\doctrine\\dbal\\lib\\Doctrine\\DBAL\\Driver\\SQLSrv\\SQLSrvConnection.php:43)","command":"doctrine:database:create","message":"Call to undefined function sqlsrv_configure()"} []
[2019-08-27 11:33:17] console.DEBUG: Command "doctrine:database:create" exited with code "1" {"command":"doctrine:database:create","code":1} []
[2019-08-27 11:33:17] php.CRITICAL: Call to undefined function sqlsrv_configure() {"exception":"[object] (Symfony\\Component\\Debug\\Exception\\FatalThrowableError(code: 0): Call to undefined function sqlsrv_configure() at C:\\wamp64\\www\\sortir\\vendor\\doctrine\\dbal\\lib\\Doctrine\\DBAL\\Driver\\SQLSrv\\SQLSrvConnection.php:43)"} []
[2019-08-27 11:33:43] console.ERROR: Error thrown while running command "doctrine:database:create". Message: "Call to undefined function sqlsrv_configure()" {"exception":"[object] (Error(code: 0): Call to undefined function sqlsrv_configure() at C:\\wamp64\\www\\sortir\\vendor\\doctrine\\dbal\\lib\\Doctrine\\DBAL\\Driver\\SQLSrv\\SQLSrvConnection.php:43)","command":"doctrine:database:create","message":"Call to undefined function sqlsrv_configure()"} []
[2019-08-27 11:33:43] console.DEBUG: Command "doctrine:database:create" exited with code "1" {"command":"doctrine:database:create","code":1} []
[2019-08-27 11:33:43] php.CRITICAL: Call to undefined function sqlsrv_configure() {"exception":"[object] (Symfony\\Component\\Debug\\Exception\\FatalThrowableError(code: 0): Call to undefined function sqlsrv_configure() at C:\\wamp64\\www\\sortir\\vendor\\doctrine\\dbal\\lib\\Doctrine\\DBAL\\Driver\\SQLSrv\\SQLSrvConnection.php:43)"} []
[2019-08-27 11:34:12] console.ERROR: Error thrown while running command "doctrine:database:create". Message: "Call to undefined function sqlsrv_configure()" {"exception":"[object] (Error(code: 0): Call to undefined function sqlsrv_configure() at C:\\wamp64\\www\\sortir\\vendor\\doctrine\\dbal\\lib\\Doctrine\\DBAL\\Driver\\SQLSrv\\SQLSrvConnection.php:43)","command":"doctrine:database:create","message":"Call to undefined function sqlsrv_configure()"} []
[2019-08-27 11:34:12] console.DEBUG: Command "doctrine:database:create" exited with code "1" {"command":"doctrine:database:create","code":1} []
[2019-08-27 11:34:12] php.CRITICAL: Call to undefined function sqlsrv_configure() {"exception":"[object] (Symfony\\Component\\Debug\\Exception\\FatalThrowableError(code: 0): Call to undefined function sqlsrv_configure() at C:\\wamp64\\www\\sortir\\vendor\\doctrine\\dbal\\lib\\Doctrine\\DBAL\\Driver\\SQLSrv\\SQLSrvConnection.php:43)"} []
[2019-08-27 11:34:38] console.ERROR: Error thrown while running command "doctrine:database:create". Message: "Call to undefined function sqlsrv_configure()" {"exception":"[object] (Error(code: 0): Call to undefined function sqlsrv_configure() at C:\\wamp64\\www\\sortir\\vendor\\doctrine\\dbal\\lib\\Doctrine\\DBAL\\Driver\\SQLSrv\\SQLSrvConnection.php:43)","command":"doctrine:database:create","message":"Call to undefined function sqlsrv_configure()"} []
[2019-08-27 11:34:38] console.DEBUG: Command "doctrine:database:create" exited with code "1" {"command":"doctrine:database:create","code":1} []
[2019-08-27 11:34:38] php.CRITICAL: Call to undefined function sqlsrv_configure() {"exception":"[object] (Symfony\\Component\\Debug\\Exception\\FatalThrowableError(code: 0): Call to undefined function sqlsrv_configure() at C:\\wamp64\\www\\sortir\\vendor\\doctrine\\dbal\\lib\\Doctrine\\DBAL\\Driver\\SQLSrv\\SQLSrvConnection.php:43)"} []
[2019-08-27 11:35:10] console.ERROR: Error thrown while running command "doctrine:database:create". Message: "Call to undefined function sqlsrv_configure()" {"exception":"[object] (Error(code: 0): Call to undefined function sqlsrv_configure() at C:\\wamp64\\www\\sortir\\vendor\\doctrine\\dbal\\lib\\Doctrine\\DBAL\\Driver\\SQLSrv\\SQLSrvConnection.php:43)","command":"doctrine:database:create","message":"Call to undefined function sqlsrv_configure()"} []
[2019-08-27 11:35:10] console.DEBUG: Command "doctrine:database:create" exited with code "1" {"command":"doctrine:database:create","code":1} []
[2019-08-27 11:35:10] php.CRITICAL: Call to undefined function sqlsrv_configure() {"exception":"[object] (Symfony\\Component\\Debug\\Exception\\FatalThrowableError(code: 0): Call to undefined function sqlsrv_configure() at C:\\wamp64\\www\\sortir\\vendor\\doctrine\\dbal\\lib\\Doctrine\\DBAL\\Driver\\SQLSrv\\SQLSrvConnection.php:43)"} []
[2019-08-27 11:46:50] request.INFO: Matched route "_wdt". {"route":"_wdt","route_parameters":{"_controller":"web_profiler.controller.profiler:toolbarAction","token":"2f5c23","_route":"_wdt"},"request_uri":"http://127.0.0.1:8000/_wdt/2f5c23","method":"GET"} []
[2019-08-27 11:46:54] request.INFO: Matched route "_wdt". {"route":"_wdt","route_parameters":{"_controller":"web_profiler.controller.profiler:toolbarAction","token":"0d54a7","_route":"_wdt"},"request_uri":"http://127.0.0.1:8000/_wdt/0d54a7","method":"GET"} []
[2019-08-27 11:46:54] request.ERROR: Uncaught PHP Exception Symfony\Component\HttpKernel\Exception\NotFoundHttpException: "No route found for "GET /favicon.ico"" at C:\wamp64\www\sortir\vendor\symfony\http-kernel\EventListener\RouterListener.php line 139 {"exception":"[object] (Symfony\\Component\\HttpKernel\\Exception\\NotFoundHttpException(code: 0): No route found for \"GET /favicon.ico\" at C:\\wamp64\\www\\sortir\\vendor\\symfony\\http-kernel\\EventListener\\RouterListener.php:139, Symfony\\Component\\Routing\\Exception\\ResourceNotFoundException(code: 0):  at C:\\wamp64\\www\\sortir\\var\\cache\\dev\\srcDevDebugProjectContainerUrlMatcher.php:119)"} []
[2019-08-27 11:47:21] request.INFO: Matched route "_wdt". {"route":"_wdt","route_parameters":{"_controller":"web_profiler.controller.profiler:toolbarAction","token":"e7ab22","_route":"_wdt"},"request_uri":"http://127.0.0.1:8000/_wdt/e7ab22","method":"GET"} []
[2019-08-27 11:47:21] request.ERROR: Uncaught PHP Exception Symfony\Component\HttpKernel\Exception\NotFoundHttpException: "No route found for "GET /favicon.ico"" at C:\wamp64\www\sortir\vendor\symfony\http-kernel\EventListener\RouterListener.php line 139 {"exception":"[object] (Symfony\\Component\\HttpKernel\\Exception\\NotFoundHttpException(code: 0): No route found for \"GET /favicon.ico\" at C:\\wamp64\\www\\sortir\\vendor\\symfony\\http-kernel\\EventListener\\RouterListener.php:139, Symfony\\Component\\Routing\\Exception\\ResourceNotFoundException(code: 0):  at C:\\wamp64\\www\\sortir\\var\\cache\\dev\\srcDevDebugProjectContainerUrlMatcher.php:119)"} []
[2019-08-27 11:47:26] request.INFO: Matched route "_profiler". {"route":"_profiler","route_parameters":{"_controller":"web_profiler.controller.profiler:panelAction","token":"0d54a7","_route":"_profiler"},"request_uri":"http://127.0.0.1:8000/_profiler/0d54a7?panel=time","method":"GET"} []
[2019-08-27 11:47:26] request.INFO: Matched route "_profiler_search_bar". {"route":"_profiler_search_bar","route_parameters":{"_controller":"web_profiler.controller.profiler:searchBarAction","_route":"_profiler_search_bar"},"request_uri":"http://127.0.0.1:8000/_profiler/search_bar?panel=time","method":"GET"} []
[2019-08-27 11:47:29] request.INFO: Matched route "_profiler". {"route":"_profiler","route_parameters":{"_controller":"web_profiler.controller.profiler:panelAction","token":"0d54a7","_route":"_profiler"},"request_uri":"http://127.0.0.1:8000/_profiler/0d54a7?panel=exception","method":"GET"} []
[2019-08-27 11:47:29] request.INFO: Matched route "_profiler_exception_css". {"route":"_profiler_exception_css","route_parameters":{"_controller":"web_profiler.controller.exception:cssAction","token":"0d54a7","_route":"_profiler_exception_css"},"request_uri":"http://127.0.0.1:8000/_profiler/0d54a7/exception.css","method":"GET"} []
[2019-08-27 11:47:29] request.INFO: Matched route "_profiler_search_bar". {"route":"_profiler_search_bar","route_parameters":{"_controller":"web_profiler.controller.profiler:searchBarAction","_route":"_profiler_search_bar"},"request_uri":"http://127.0.0.1:8000/_profiler/search_bar?panel=exception","method":"GET"} []
[2019-08-27 11:47:29] request.INFO: Matched route "_profiler_exception". {"route":"_profiler_exception","route_parameters":{"_controller":"web_profiler.controller.exception:showAction","token":"0d54a7","_route":"_profiler_exception"},"request_uri":"http://127.0.0.1:8000/_profiler/0d54a7/exception","method":"GET"} []
[2019-08-27 11:47:30] request.INFO: Matched route "_profiler". {"route":"_profiler","route_parameters":{"_controller":"web_profiler.controller.profiler:panelAction","token":"0d54a7","_route":"_profiler"},"request_uri":"http://127.0.0.1:8000/_profiler/0d54a7?panel=form","method":"GET"} []
[2019-08-27 11:47:30] request.INFO: Matched route "_profiler_search_bar". {"route":"_profiler_search_bar","route_parameters":{"_controller":"web_profiler.controller.profiler:searchBarAction","_route":"_profiler_search_bar"},"request_uri":"http://127.0.0.1:8000/_profiler/search_bar?panel=form","method":"GET"} []
[2019-08-27 11:47:30] request.INFO: Matched route "_profiler". {"route":"_profiler","route_parameters":{"_controller":"web_profiler.controller.profiler:panelAction","token":"0d54a7","_route":"_profiler"},"request_uri":"http://127.0.0.1:8000/_profiler/0d54a7?panel=logger","method":"GET"} []
[2019-08-27 11:47:30] request.INFO: Matched route "_profiler_search_bar". {"route":"_profiler_search_bar","route_parameters":{"_controller":"web_profiler.controller.profiler:searchBarAction","_route":"_profiler_search_bar"},"request_uri":"http://127.0.0.1:8000/_profiler/search_bar?panel=logger","method":"GET"} []
[2019-08-27 11:47:35] request.INFO: Matched route "_profiler". {"route":"_profiler","route_parameters":{"_controller":"web_profiler.controller.profiler:panelAction","token":"0d54a7","_route":"_profiler"},"request_uri":"http://127.0.0.1:8000/_profiler/0d54a7?panel=twig","method":"GET"} []
[2019-08-27 11:47:36] request.INFO: Matched route "_profiler_search_bar". {"route":"_profiler_search_bar","route_parameters":{"_controller":"web_profiler.controller.profiler:searchBarAction","_route":"_profiler_search_bar"},"request_uri":"http://127.0.0.1:8000/_profiler/search_bar?panel=twig","method":"GET"} []
[2019-08-27 11:47:39] request.INFO: Matched route "_profiler". {"route":"_profiler","route_parameters":{"_controller":"web_profiler.controller.profiler:panelAction","token":"0d54a7","_route":"_profiler"},"request_uri":"http://127.0.0.1:8000/_profiler/0d54a7?panel=config","method":"GET"} []
[2019-08-27 11:47:39] request.INFO: Matched route "_profiler_search_bar". {"route":"_profiler_search_bar","route_parameters":{"_controller":"web_profiler.controller.profiler:searchBarAction","_route":"_profiler_search_bar"},"request_uri":"http://127.0.0.1:8000/_profiler/search_bar?panel=config","method":"GET"} []
[2019-08-27 11:55:00] request.INFO: Matched route "_profiler_phpinfo". {"route":"_profiler_phpinfo","route_parameters":{"_controller":"web_profiler.controller.profiler:phpinfoAction","_route":"_profiler_phpinfo"},"request_uri":"http://127.0.0.1:8000/_profiler/phpinfo","method":"GET"} []
[2019-08-27 11:55:01] request.ERROR: Uncaught PHP Exception Symfony\Component\HttpKernel\Exception\NotFoundHttpException: "No route found for "GET /favicon.ico"" at C:\wamp64\www\sortir\vendor\symfony\http-kernel\EventListener\RouterListener.php line 139 {"exception":"[object] (Symfony\\Component\\HttpKernel\\Exception\\NotFoundHttpException(code: 0): No route found for \"GET /favicon.ico\" at C:\\wamp64\\www\\sortir\\vendor\\symfony\\http-kernel\\EventListener\\RouterListener.php:139, Symfony\\Component\\Routing\\Exception\\ResourceNotFoundException(code: 0):  at C:\\wamp64\\www\\sortir\\var\\cache\\dev\\srcDevDebugProjectContainerUrlMatcher.php:119)"} []
[2019-08-27 12:02:45] console.ERROR: Error thrown while running command "doctrine:database:create". Message: "Call to undefined function sqlsrv_configure()" {"exception":"[object] (Error(code: 0): Call to undefined function sqlsrv_configure() at C:\\wamp64\\www\\sortir\\vendor\\doctrine\\dbal\\lib\\Doctrine\\DBAL\\Driver\\SQLSrv\\SQLSrvConnection.php:43)","command":"doctrine:database:create","message":"Call to undefined function sqlsrv_configure()"} []
[2019-08-27 12:02:45] console.DEBUG: Command "doctrine:database:create" exited with code "1" {"command":"doctrine:database:create","code":1} []
[2019-08-27 12:02:45] php.CRITICAL: Call to undefined function sqlsrv_configure() {"exception":"[object] (Symfony\\Component\\Debug\\Exception\\FatalThrowableError(code: 0): Call to undefined function sqlsrv_configure() at C:\\wamp64\\www\\sortir\\vendor\\doctrine\\dbal\\lib\\Doctrine\\DBAL\\Driver\\SQLSrv\\SQLSrvConnection.php:43)"} []
[2019-08-27 12:23:39] php.DEBUG: Warning: fsockopen(): unable to connect to 127.0.0.1:8000 (Une tentative de connexion a échoué car le parti connecté n’a pas répondu convenablement au-delà d’une certaine durée ou une connexion établie a échoué car l’hôte de connexion n’a pas répondu. ) {"exception":"[object] (Symfony\\Component\\Debug\\Exception\\SilencedErrorContext: {\"severity\":2,\"file\":\"C:\\\\wamp64\\\\www\\\\sortir\\\\vendor\\\\symfony\\\\web-server-bundle\\\\WebServerConfig.php\",\"line\":123,\"trace\":[{\"file\":\"C:\\\\wamp64\\\\www\\\\sortir\\\\vendor\\\\symfony\\\\web-server-bundle\\\\WebServerConfig.php\",\"line\":54,\"function\":\"findBestPort\",\"class\":\"Symfony\\\\Bundle\\\\WebServerBundle\\\\WebServerConfig\",\"type\":\"->\"}],\"count\":1})"} []
[2019-08-27 12:30:04] php.DEBUG: Warning: fsockopen(): unable to connect to 127.0.0.1:8000 (Une tentative de connexion a échoué car le parti connecté n’a pas répondu convenablement au-delà d’une certaine durée ou une connexion établie a échoué car l’hôte de connexion n’a pas répondu. ) {"exception":"[object] (Symfony\\Component\\Debug\\Exception\\SilencedErrorContext: {\"severity\":2,\"file\":\"C:\\\\wamp64\\\\www\\\\sortir\\\\vendor\\\\symfony\\\\web-server-bundle\\\\WebServerConfig.php\",\"line\":123,\"trace\":[{\"file\":\"C:\\\\wamp64\\\\www\\\\sortir\\\\vendor\\\\symfony\\\\web-server-bundle\\\\WebServerConfig.php\",\"line\":54,\"function\":\"findBestPort\",\"class\":\"Symfony\\\\Bundle\\\\WebServerBundle\\\\WebServerConfig\",\"type\":\"->\"}],\"count\":1})"} []
[2019-08-27 12:44:55] console.ERROR: Error thrown while running command "doctrine:database:create". Message: "Call to undefined function sqlsrv_configure()" {"exception":"[object] (Error(code: 0): Call to undefined function sqlsrv_configure() at C:\\wamp64\\www\\sortir\\vendor\\doctrine\\dbal\\lib\\Doctrine\\DBAL\\Driver\\SQLSrv\\SQLSrvConnection.php:43)","command":"doctrine:database:create","message":"Call to undefined function sqlsrv_configure()"} []
[2019-08-27 12:44:55] console.DEBUG: Command "doctrine:database:create" exited with code "1" {"command":"doctrine:database:create","code":1} []
[2019-08-27 12:44:55] php.CRITICAL: Call to undefined function sqlsrv_configure() {"exception":"[object] (Symfony\\Component\\Debug\\Exception\\FatalThrowableError(code: 0): Call to undefined function sqlsrv_configure() at C:\\wamp64\\www\\sortir\\vendor\\doctrine\\dbal\\lib\\Doctrine\\DBAL\\Driver\\SQLSrv\\SQLSrvConnection.php:43)"} []
[2019-08-27 13:12:40] console.ERROR: Error thrown while running command "doctrine -help". Message: "Command "doctrine" is not defined.  Did you mean one of these?     doctrine:cache:clear     doctrine:cache:clear-collection-region     doctrine:cache:clear-entity-region     doctrine:cache:clear-metadata     doctrine:cache:clear-query     doctrine:cache:clear-query-region     doctrine:cache:clear-result     doctrine:cache:contains     doctrine:cache:delete     doctrine:cache:flush     doctrine:cache:stats     doctrine:database:create     doctrine:database:drop     doctrine:database:import     doctrine:ensure-production-settings     doctrine:generate:entities     doctrine:mapping:convert     doctrine:mapping:import     doctrine:mapping:info     doctrine:migrations:diff     doctrine:migrations:dump-schema     doctrine:migrations:execute     doctrine:migrations:generate     doctrine:migrations:latest     doctrine:migrations:migrate     doctrine:migrations:rollup     doctrine:migrations:status     doctrine:migrations:up-to-date     doctrine:migrations:version     doctrine:query:dql     doctrine:query:sql     doctrine:schema:create     doctrine:schema:drop     doctrine:schema:update     doctrine:schema:validate" {"exception":"[object] (Symfony\\Component\\Console\\Exception\\CommandNotFoundException(code: 0): Command \"doctrine\" is not defined.\n\nDid you mean one of these?\n    doctrine:cache:clear\n    doctrine:cache:clear-collection-region\n    doctrine:cache:clear-entity-region\n    doctrine:cache:clear-metadata\n    doctrine:cache:clear-query\n    doctrine:cache:clear-query-region\n    doctrine:cache:clear-result\n    doctrine:cache:contains\n    doctrine:cache:delete\n    doctrine:cache:flush\n    doctrine:cache:stats\n    doctrine:database:create\n    doctrine:database:drop\n    doctrine:database:import\n    doctrine:ensure-production-settings\n    doctrine:generate:entities\n    doctrine:mapping:convert\n    doctrine:mapping:import\n    doctrine:mapping:info\n    doctrine:migrations:diff\n    doctrine:migrations:dump-schema\n    doctrine:migrations:execute\n    doctrine:migrations:generate\n    doctrine:migrations:latest\n    doctrine:migrations:migrate\n    doctrine:migrations:rollup\n    doctrine:migrations:status\n    doctrine:migrations:up-to-date\n    doctrine:migrations:version\n    doctrine:query:dql\n    doctrine:query:sql\n    doctrine:schema:create\n    doctrine:schema:drop\n    doctrine:schema:update\n    doctrine:schema:validate at C:\\wamp64\\www\\sortir\\vendor\\symfony\\console\\Application.php:634)","command":"doctrine -help","message":"Command \"doctrine\" is not defined.\n\nDid you mean one of these?\n    doctrine:cache:clear\n    doctrine:cache:clear-collection-region\n    doctrine:cache:clear-entity-region\n    doctrine:cache:clear-metadata\n    doctrine:cache:clear-query\n    doctrine:cache:clear-query-region\n    doctrine:cache:clear-result\n    doctrine:cache:contains\n    doctrine:cache:delete\n    doctrine:cache:flush\n    doctrine:cache:stats\n    doctrine:database:create\n    doctrine:database:drop\n    doctrine:database:import\n    doctrine:ensure-production-settings\n    doctrine:generate:entities\n    doctrine:mapping:convert\n    doctrine:mapping:import\n    doctrine:mapping:info\n    doctrine:migrations:diff\n    doctrine:migrations:dump-schema\n    doctrine:migrations:execute\n    doctrine:migrations:generate\n    doctrine:migrations:latest\n    doctrine:migrations:migrate\n    doctrine:migrations:rollup\n    doctrine:migrations:status\n    doctrine:migrations:up-to-date\n    doctrine:migrations:version\n    doctrine:query:dql\n    doctrine:query:sql\n    doctrine:schema:create\n    doctrine:schema:drop\n    doctrine:schema:update\n    doctrine:schema:validate"} []
[2019-08-27 13:26:11] request.INFO: Matched route "_wdt". {"route":"_wdt","route_parameters":{"_controller":"web_profiler.controller.profiler:toolbarAction","token":"006fcd","_route":"_wdt"},"request_uri":"http://127.0.0.1:8000/_wdt/006fcd","method":"GET"} []
[2019-08-27 13:26:21] request.INFO: Matched route "_profiler". {"route":"_profiler","route_parameters":{"_controller":"web_profiler.controller.profiler:panelAction","token":"006fcd","_route":"_profiler"},"request_uri":"http://127.0.0.1:8000/_profiler/006fcd?panel=time","method":"GET"} []
[2019-08-27 13:26:21] request.INFO: Matched route "_profiler_search_bar". {"route":"_profiler_search_bar","route_parameters":{"_controller":"web_profiler.controller.profiler:searchBarAction","_route":"_profiler_search_bar"},"request_uri":"http://127.0.0.1:8000/_profiler/search_bar?panel=time","method":"GET"} []
[2019-08-27 14:41:18] console.ERROR: Error thrown while running command ""generate:bundle"". Message: "Command "generate:bundle" is not defined.  Did you mean this?     generate" {"exception":"[object] (Symfony\\Component\\Console\\Exception\\CommandNotFoundException(code: 0): Command \"generate:bundle\" is not defined.\n\nDid you mean this?\n    generate at C:\\wamp64\\www\\sortir\\vendor\\symfony\\console\\Application.php:634)","command":"\"generate:bundle\"","message":"Command \"generate:bundle\" is not defined.\n\nDid you mean this?\n    generate"} []
[2019-08-27 14:46:26] console.ERROR: Error thrown while running command "generate ":bundle" Participant". Message: "Too many arguments, expected arguments "command"." {"exception":"[object] (Symfony\\Component\\Console\\Exception\\RuntimeException(code: 0): Too many arguments, expected arguments \"command\". at C:\\wamp64\\www\\sortir\\vendor\\symfony\\console\\Input\\ArgvInput.php:188)","command":"generate \":bundle\" Participant","message":"Too many arguments, expected arguments \"command\"."} []
[2019-08-27 14:46:26] console.DEBUG: Command "generate ":bundle" Participant" exited with code "1" {"command":"generate \":bundle\" Participant","code":1} []
[2019-08-27 14:46:32] console.ERROR: Error thrown while running command "generate ":bundle"". Message: "Too many arguments, expected arguments "command"." {"exception":"[object] (Symfony\\Component\\Console\\Exception\\RuntimeException(code: 0): Too many arguments, expected arguments \"command\". at C:\\wamp64\\www\\sortir\\vendor\\symfony\\console\\Input\\ArgvInput.php:188)","command":"generate \":bundle\"","message":"Too many arguments, expected arguments \"command\"."} []
[2019-08-27 14:46:32] console.DEBUG: Command "generate ":bundle"" exited with code "1" {"command":"generate \":bundle\"","code":1} []
[2019-08-27 14:46:37] doctrine.DEBUG: SHOW FULL TABLES WHERE Table_type = 'BASE TABLE' [] []
[2019-08-27 14:46:38] doctrine.DEBUG: CREATE TABLE migration_versions (version VARCHAR(14) NOT NULL, executed_at DATETIME NOT NULL COMMENT '(DC2Type:datetime_immutable)', PRIMARY KEY(version)) DEFAULT CHARACTER SET utf8mb4 COLLATE utf8mb4_unicode_ci ENGINE = InnoDB [] []
[2019-08-27 14:47:35] console.ERROR: Error thrown while running command ""generate:bundle"". Message: "Command "generate:bundle" is not defined.  Did you mean this?     generate" {"exception":"[object] (Symfony\\Component\\Console\\Exception\\CommandNotFoundException(code: 0): Command \"generate:bundle\" is not defined.\n\nDid you mean this?\n    generate at C:\\wamp64\\www\\sortir\\vendor\\symfony\\console\\Application.php:634)","command":"\"generate:bundle\"","message":"Command \"generate:bundle\" is not defined.\n\nDid you mean this?\n    generate"} []
[2019-08-27 14:48:16] console.ERROR: Error thrown while running command "generate ":bundle"". Message: "Too many arguments, expected arguments "command"." {"exception":"[object] (Symfony\\Component\\Console\\Exception\\RuntimeException(code: 0): Too many arguments, expected arguments \"command\". at C:\\wamp64\\www\\sortir\\vendor\\symfony\\console\\Input\\ArgvInput.php:188)","command":"generate \":bundle\"","message":"Too many arguments, expected arguments \"command\"."} []
[2019-08-27 14:48:16] console.DEBUG: Command "generate ":bundle"" exited with code "1" {"command":"generate \":bundle\"","code":1} []
[2019-08-27 14:48:27] console.ERROR: Error thrown while running command "generate ":bundle" Participant". Message: "Too many arguments, expected arguments "command"." {"exception":"[object] (Symfony\\Component\\Console\\Exception\\RuntimeException(code: 0): Too many arguments, expected arguments \"command\". at C:\\wamp64\\www\\sortir\\vendor\\symfony\\console\\Input\\ArgvInput.php:188)","command":"generate \":bundle\" Participant","message":"Too many arguments, expected arguments \"command\"."} []
[2019-08-27 14:48:27] console.DEBUG: Command "generate ":bundle" Participant" exited with code "1" {"command":"generate \":bundle\" Participant","code":1} []
[2019-08-27 14:51:30] console.ERROR: Error thrown while running command "generate bundle Participant". Message: "Too many arguments, expected arguments "command"." {"exception":"[object] (Symfony\\Component\\Console\\Exception\\RuntimeException(code: 0): Too many arguments, expected arguments \"command\". at C:\\wamp64\\www\\sortir\\vendor\\symfony\\console\\Input\\ArgvInput.php:188)","command":"generate bundle Participant","message":"Too many arguments, expected arguments \"command\"."} []
[2019-08-27 14:51:30] console.DEBUG: Command "generate bundle Participant" exited with code "1" {"command":"generate bundle Participant","code":1} []
[2019-08-27 15:05:22] console.ERROR: Error thrown while running command ""generate:entity"". Message: "Command "generate:entity" is not defined.  Did you mean one of these?     generate     make:entity" {"exception":"[object] (Symfony\\Component\\Console\\Exception\\CommandNotFoundException(code: 0): Command \"generate:entity\" is not defined.\n\nDid you mean one of these?\n    generate\n    make:entity at C:\\wamp64\\www\\sortir\\vendor\\symfony\\console\\Application.php:634)","command":"\"generate:entity\"","message":"Command \"generate:entity\" is not defined.\n\nDid you mean one of these?\n    generate\n    make:entity"} []
[2019-08-27 15:05:42] console.ERROR: Error thrown while running command ""doctrine:generate:entity"". Message: "Command "doctrine:generate:entity" is not defined.  Did you mean one of these?     doctrine:cache:clear-entity-region     doctrine:generate:entities" {"exception":"[object] (Symfony\\Component\\Console\\Exception\\CommandNotFoundException(code: 0): Command \"doctrine:generate:entity\" is not defined.\n\nDid you mean one of these?\n    doctrine:cache:clear-entity-region\n    doctrine:generate:entities at C:\\wamp64\\www\\sortir\\vendor\\symfony\\console\\Application.php:634)","command":"\"doctrine:generate:entity\"","message":"Command \"doctrine:generate:entity\" is not defined.\n\nDid you mean one of these?\n    doctrine:cache:clear-entity-region\n    doctrine:generate:entities"} []
[2019-08-27 15:05:47] console.ERROR: Error thrown while running command "doctrine:generate:entities". Message: "Not enough arguments (missing: "name")." {"exception":"[object] (Symfony\\Component\\Console\\Exception\\RuntimeException(code: 0): Not enough arguments (missing: \"name\"). at C:\\wamp64\\www\\sortir\\vendor\\symfony\\console\\Input\\Input.php:76)","command":"doctrine:generate:entities","message":"Not enough arguments (missing: \"name\")."} []
[2019-08-27 15:05:47] console.DEBUG: Command "doctrine:generate:entities" exited with code "1" {"command":"doctrine:generate:entities","code":1} []
[2019-08-27 15:06:11] console.ERROR: Error thrown while running command ""make:bundle"". Message: "Command "make:bundle" is not defined.  Did you mean one of these?     make:auth     make:command     make:controller     make:crud     make:entity     make:fixtures     make:form     make:functional-test     make:migration     make:registration-form     make:serializer:encoder     make:serializer:normalizer     make:subscriber     make:twig-extension     make:unit-test     make:user     make:validator     make:voter" {"exception":"[object] (Symfony\\Component\\Console\\Exception\\CommandNotFoundException(code: 0): Command \"make:bundle\" is not defined.\n\nDid you mean one of these?\n    make:auth\n    make:command\n    make:controller\n    make:crud\n    make:entity\n    make:fixtures\n    make:form\n    make:functional-test\n    make:migration\n    make:registration-form\n    make:serializer:encoder\n    make:serializer:normalizer\n    make:subscriber\n    make:twig-extension\n    make:unit-test\n    make:user\n    make:validator\n    make:voter at C:\\wamp64\\www\\sortir\\vendor\\symfony\\console\\Application.php:634)","command":"\"make:bundle\"","message":"Command \"make:bundle\" is not defined.\n\nDid you mean one of these?\n    make:auth\n    make:command\n    make:controller\n    make:crud\n    make:entity\n    make:fixtures\n    make:form\n    make:functional-test\n    make:migration\n    make:registration-form\n    make:serializer:encoder\n    make:serializer:normalizer\n    make:subscriber\n    make:twig-extension\n    make:unit-test\n    make:user\n    make:validator\n    make:voter"} []
